<?xml version="1.0" encoding="UTF-8"?>
<coverage generated="1645248841532" clover="3.2.0">
  <project timestamp="1645248841532" name="All files">
    <metrics statements="30" coveredstatements="23" conditionals="9" coveredconditionals="8" methods="11" coveredmethods="9" elements="50" coveredelements="40" complexity="0" loc="30" ncloc="30" packages="2" files="2" classes="2"/>
    <package name="lib">
      <metrics statements="14" coveredstatements="7" conditionals="9" coveredconditionals="8" methods="3" coveredmethods="1"/>
      <file name="main.ts" path="C:\Users\GUSTAVO\Desktop\all\github.com\object-inspector\lib\main.ts">
        <metrics statements="14" coveredstatements="7" conditionals="9" coveredconditionals="8" methods="3" coveredmethods="1"/>
        <line num="1" count="1" type="stmt"/>
        <line num="62" count="1" type="stmt"/>
        <line num="63" count="6" type="cond" truecount="1" falsecount="0"/>
        <line num="71" count="6" type="stmt"/>
        <line num="75" count="6" type="cond" truecount="1" falsecount="0"/>
        <line num="76" count="1" type="stmt"/>
        <line num="78" count="6" type="stmt"/>
        <line num="81" count="0" type="cond" truecount="0" falsecount="1"/>
        <line num="82" count="0" type="stmt"/>
        <line num="90" count="0" type="stmt"/>
        <line num="91" count="0" type="stmt"/>
        <line num="93" count="0" type="stmt"/>
        <line num="96" count="0" type="stmt"/>
        <line num="101" count="0" type="stmt"/>
      </file>
    </package>
    <package name="lib.typeChecker">
      <metrics statements="16" coveredstatements="16" conditionals="0" coveredconditionals="0" methods="8" coveredmethods="8"/>
      <file name="basicTypes.ts" path="C:\Users\GUSTAVO\Desktop\all\github.com\object-inspector\lib\typeChecker\basicTypes.ts">
        <metrics statements="16" coveredstatements="16" conditionals="0" coveredconditionals="0" methods="8" coveredmethods="8"/>
        <line num="1" count="2" type="stmt"/>
        <line num="2" count="29" type="stmt"/>
        <line num="5" count="2" type="stmt"/>
        <line num="6" count="27" type="stmt"/>
        <line num="9" count="2" type="stmt"/>
        <line num="10" count="27" type="stmt"/>
        <line num="13" count="2" type="stmt"/>
        <line num="14" count="27" type="stmt"/>
        <line num="17" count="2" type="stmt"/>
        <line num="18" count="27" type="stmt"/>
        <line num="21" count="2" type="stmt"/>
        <line num="22" count="30" type="stmt"/>
        <line num="25" count="2" type="stmt"/>
        <line num="26" count="1" type="stmt"/>
        <line num="29" count="2" type="stmt"/>
        <line num="30" count="1" type="stmt"/>
      </file>
    </package>
  </project>
</coverage>
