<?xml version="1.0" encoding="UTF-8"?>
<coverage generated="1645129293262" clover="3.2.0">
  <project timestamp="1645129293262" name="All files">
    <metrics statements="30" coveredstatements="21" conditionals="9" coveredconditionals="8" methods="11" coveredmethods="7" elements="50" coveredelements="36" complexity="0" loc="30" ncloc="30" packages="2" files="2" classes="2"/>
    <package name="lib">
      <metrics statements="14" coveredstatements="7" conditionals="9" coveredconditionals="8" methods="3" coveredmethods="1"/>
      <file name="main.ts" path="C:\Users\GUSTAVO\Desktop\all\github.com\object-inspector\lib\main.ts">
        <metrics statements="14" coveredstatements="7" conditionals="9" coveredconditionals="8" methods="3" coveredmethods="1"/>
        <line num="1" count="1" type="stmt"/>
        <line num="30" count="1" type="stmt"/>
        <line num="31" count="6" type="cond" truecount="1" falsecount="0"/>
        <line num="39" count="6" type="stmt"/>
        <line num="43" count="6" type="cond" truecount="1" falsecount="0"/>
        <line num="44" count="1" type="stmt"/>
        <line num="46" count="6" type="stmt"/>
        <line num="49" count="0" type="cond" truecount="0" falsecount="1"/>
        <line num="50" count="0" type="stmt"/>
        <line num="58" count="0" type="stmt"/>
        <line num="59" count="0" type="stmt"/>
        <line num="61" count="0" type="stmt"/>
        <line num="64" count="0" type="stmt"/>
        <line num="69" count="0" type="stmt"/>
      </file>
    </package>
    <package name="lib.verifyTypes">
      <metrics statements="16" coveredstatements="14" conditionals="0" coveredconditionals="0" methods="8" coveredmethods="6"/>
      <file name="basicTypes.ts" path="C:\Users\GUSTAVO\Desktop\all\github.com\object-inspector\lib\verifyTypes\basicTypes.ts">
        <metrics statements="16" coveredstatements="14" conditionals="0" coveredconditionals="0" methods="8" coveredmethods="6"/>
        <line num="1" count="1" type="stmt"/>
        <line num="2" count="6" type="stmt"/>
        <line num="5" count="1" type="stmt"/>
        <line num="6" count="5" type="stmt"/>
        <line num="9" count="1" type="stmt"/>
        <line num="10" count="0" type="stmt"/>
        <line num="13" count="1" type="stmt"/>
        <line num="14" count="3" type="stmt"/>
        <line num="17" count="1" type="stmt"/>
        <line num="18" count="0" type="stmt"/>
        <line num="21" count="1" type="stmt"/>
        <line num="22" count="2" type="stmt"/>
        <line num="25" count="1" type="stmt"/>
        <line num="26" count="7" type="stmt"/>
        <line num="29" count="1" type="stmt"/>
        <line num="30" count="4" type="stmt"/>
      </file>
    </package>
  </project>
</coverage>
