{"C:\\Users\\GUSTAVO\\Desktop\\all\\github.com\\object-inspector\\lib\\main.ts": {"path":"C:\\Users\\GUSTAVO\\Desktop\\all\\github.com\\object-inspector\\lib\\main.ts","statementMap":{"0":{"start":{"line":1,"column":0},"end":{"line":1,"column":null}},"1":{"start":{"line":31,"column":1},"end":{"line":47,"column":null}},"2":{"start":{"line":39,"column":38},"end":{"line":42,"column":null}},"3":{"start":{"line":43,"column":2},"end":{"line":45,"column":null}},"4":{"start":{"line":44,"column":3},"end":{"line":44,"column":null}},"5":{"start":{"line":46,"column":2},"end":{"line":46,"column":null}},"6":{"start":{"line":49,"column":1},"end":{"line":56,"column":null}},"7":{"start":{"line":50,"column":2},"end":{"line":55,"column":null}},"8":{"start":{"line":58,"column":25},"end":{"line":58,"column":56}},"9":{"start":{"line":59,"column":17},"end":{"line":59,"column":50}},"10":{"start":{"line":61,"column":1},"end":{"line":70,"column":null}},"11":{"start":{"line":64,"column":42},"end":{"line":67,"column":null}},"12":{"start":{"line":69,"column":30},"end":{"line":69,"column":74}},"13":{"start":{"line":30,"column":0},"end":{"line":30,"column":16}}},"fnMap":{"0":{"name":"objectInspector","decl":{"start":{"line":30,"column":16},"end":{"line":30,"column":31}},"loc":{"start":{"line":30,"column":40},"end":{"line":71,"column":1}}},"1":{"name":"(anonymous_1)","decl":{"start":{"line":64,"column":34},"end":{"line":64,"column":38}},"loc":{"start":{"line":64,"column":42},"end":{"line":67,"column":null}}},"2":{"name":"(anonymous_2)","decl":{"start":{"line":69,"column":23},"end":{"line":69,"column":26}},"loc":{"start":{"line":69,"column":30},"end":{"line":69,"column":74}}}},"branchMap":{"0":{"loc":{"start":{"line":31,"column":1},"end":{"line":47,"column":null}},"type":"if","locations":[{"start":{"line":31,"column":1},"end":{"line":47,"column":null}}]},"1":{"loc":{"start":{"line":32,"column":2},"end":{"line":37,"column":15}},"type":"binary-expr","locations":[{"start":{"line":32,"column":2},"end":{"line":32,"column":16}},{"start":{"line":33,"column":2},"end":{"line":33,"column":13}},{"start":{"line":34,"column":2},"end":{"line":34,"column":18}},{"start":{"line":35,"column":2},"end":{"line":35,"column":15}},{"start":{"line":36,"column":2},"end":{"line":36,"column":15}},{"start":{"line":37,"column":2},"end":{"line":37,"column":15}}]},"2":{"loc":{"start":{"line":43,"column":2},"end":{"line":45,"column":null}},"type":"if","locations":[{"start":{"line":43,"column":2},"end":{"line":45,"column":null}}]},"3":{"loc":{"start":{"line":49,"column":1},"end":{"line":56,"column":null}},"type":"if","locations":[{"start":{"line":49,"column":1},"end":{"line":56,"column":null}}]}},"s":{"0":1,"1":6,"2":6,"3":6,"4":1,"5":6,"6":0,"7":0,"8":0,"9":0,"10":0,"11":0,"12":0,"13":1},"f":{"0":6,"1":0,"2":0},"b":{"0":[6],"1":[6,5,4,3,2,1],"2":[1],"3":[0]}}
,"C:\\Users\\GUSTAVO\\Desktop\\all\\github.com\\object-inspector\\lib\\verifyTypes\\basicTypes.ts": {"path":"C:\\Users\\GUSTAVO\\Desktop\\all\\github.com\\object-inspector\\lib\\verifyTypes\\basicTypes.ts","statementMap":{"0":{"start":{"line":2,"column":1},"end":{"line":2,"column":null}},"1":{"start":{"line":1,"column":0},"end":{"line":1,"column":16}},"2":{"start":{"line":6,"column":1},"end":{"line":6,"column":null}},"3":{"start":{"line":5,"column":0},"end":{"line":5,"column":16}},"4":{"start":{"line":10,"column":1},"end":{"line":10,"column":null}},"5":{"start":{"line":9,"column":0},"end":{"line":9,"column":16}},"6":{"start":{"line":14,"column":1},"end":{"line":14,"column":null}},"7":{"start":{"line":13,"column":0},"end":{"line":13,"column":16}},"8":{"start":{"line":18,"column":1},"end":{"line":18,"column":null}},"9":{"start":{"line":17,"column":0},"end":{"line":17,"column":16}},"10":{"start":{"line":22,"column":1},"end":{"line":22,"column":null}},"11":{"start":{"line":21,"column":0},"end":{"line":21,"column":16}},"12":{"start":{"line":26,"column":1},"end":{"line":26,"column":null}},"13":{"start":{"line":25,"column":0},"end":{"line":25,"column":16}},"14":{"start":{"line":30,"column":1},"end":{"line":30,"column":null}},"15":{"start":{"line":29,"column":0},"end":{"line":29,"column":16}}},"fnMap":{"0":{"name":"isBoolean","decl":{"start":{"line":1,"column":16},"end":{"line":1,"column":25}},"loc":{"start":{"line":1,"column":34},"end":{"line":3,"column":1}}},"1":{"name":"isNull","decl":{"start":{"line":5,"column":16},"end":{"line":5,"column":22}},"loc":{"start":{"line":5,"column":31},"end":{"line":7,"column":1}}},"2":{"name":"isFunction","decl":{"start":{"line":9,"column":16},"end":{"line":9,"column":26}},"loc":{"start":{"line":9,"column":35},"end":{"line":11,"column":1}}},"3":{"name":"isNumber","decl":{"start":{"line":13,"column":16},"end":{"line":13,"column":24}},"loc":{"start":{"line":13,"column":33},"end":{"line":15,"column":1}}},"4":{"name":"isObject","decl":{"start":{"line":17,"column":16},"end":{"line":17,"column":24}},"loc":{"start":{"line":17,"column":33},"end":{"line":19,"column":1}}},"5":{"name":"isString","decl":{"start":{"line":21,"column":16},"end":{"line":21,"column":24}},"loc":{"start":{"line":21,"column":33},"end":{"line":23,"column":1}}},"6":{"name":"isSymbol","decl":{"start":{"line":25,"column":16},"end":{"line":25,"column":24}},"loc":{"start":{"line":25,"column":33},"end":{"line":27,"column":1}}},"7":{"name":"isUndefined","decl":{"start":{"line":29,"column":16},"end":{"line":29,"column":27}},"loc":{"start":{"line":29,"column":36},"end":{"line":31,"column":1}}}},"branchMap":{},"s":{"0":6,"1":1,"2":5,"3":1,"4":0,"5":1,"6":3,"7":1,"8":0,"9":1,"10":2,"11":1,"12":7,"13":1,"14":4,"15":1},"f":{"0":6,"1":5,"2":0,"3":3,"4":0,"5":2,"6":7,"7":4},"b":{}}
}
