TN:
SF:lib\main.ts
FN:30,objectInspector
FN:64,(anonymous_1)
FN:69,(anonymous_2)
FNF:3
FNH:1
FNDA:6,objectInspector
FNDA:0,(anonymous_1)
FNDA:0,(anonymous_2)
DA:1,1
DA:30,1
DA:31,6
DA:39,6
DA:43,6
DA:44,1
DA:46,6
DA:49,0
DA:50,0
DA:58,0
DA:59,0
DA:61,0
DA:64,0
DA:69,0
LF:14
LH:7
BRDA:31,0,0,6
BRDA:32,1,0,6
BRDA:32,1,1,5
BRDA:32,1,2,4
BRDA:32,1,3,3
BRDA:32,1,4,2
BRDA:32,1,5,1
BRDA:43,2,0,1
BRDA:49,3,0,0
BRF:9
BRH:8
end_of_record
TN:
SF:lib\verifyTypes\basicTypes.ts
FN:1,isBoolean
FN:5,isNull
FN:9,isFunction
FN:13,isNumber
FN:17,isObject
FN:21,isString
FN:25,isSymbol
FN:29,isUndefined
FNF:8
FNH:6
FNDA:6,isBoolean
FNDA:5,isNull
FNDA:0,isFunction
FNDA:3,isNumber
FNDA:0,isObject
FNDA:2,isString
FNDA:7,isSymbol
FNDA:4,isUndefined
DA:1,1
DA:2,6
DA:5,1
DA:6,5
DA:9,1
DA:10,0
DA:13,1
DA:14,3
DA:17,1
DA:18,0
DA:21,1
DA:22,2
DA:25,1
DA:26,7
DA:29,1
DA:30,4
LF:16
LH:14
BRF:0
BRH:0
end_of_record
