TN:
SF:lib\main.ts
FN:62,objectInspector
FN:96,(anonymous_1)
FN:101,(anonymous_2)
FNF:3
FNH:1
FNDA:6,objectInspector
FNDA:0,(anonymous_1)
FNDA:0,(anonymous_2)
DA:1,1
DA:62,1
DA:63,6
DA:71,6
DA:75,6
DA:76,1
DA:78,6
DA:81,0
DA:82,0
DA:90,0
DA:91,0
DA:93,0
DA:96,0
DA:101,0
LF:14
LH:7
BRDA:63,0,0,6
BRDA:64,1,0,6
BRDA:64,1,1,5
BRDA:64,1,2,4
BRDA:64,1,3,3
BRDA:64,1,4,2
BRDA:64,1,5,1
BRDA:75,2,0,1
BRDA:81,3,0,0
BRF:9
BRH:8
end_of_record
TN:
SF:lib\typeChecker\basicTypes.ts
FN:1,isBoolean
FN:5,isNull
FN:9,isUndefined
FN:13,isNumber
FN:17,isString
FN:21,isSymbol
FN:25,isFunction
FN:29,isObject
FNF:8
FNH:8
FNDA:29,isBoolean
FNDA:27,isNull
FNDA:27,isUndefined
FNDA:27,isNumber
FNDA:27,isString
FNDA:30,isSymbol
FNDA:1,isFunction
FNDA:1,isObject
DA:1,2
DA:2,29
DA:5,2
DA:6,27
DA:9,2
DA:10,27
DA:13,2
DA:14,27
DA:17,2
DA:18,27
DA:21,2
DA:22,30
DA:25,2
DA:26,1
DA:29,2
DA:30,1
LF:16
LH:16
BRF:0
BRH:0
end_of_record
